[2024/09/27 01:33:44]: §9          __             _       
[2024/09/27 01:33:44]: §9  _ __   / /  ___   __ _(_)_ __  
[2024/09/27 01:33:44]: §9 | '_ \ / /  / _ \ / _` | | '_ \ 
[2024/09/27 01:33:44]: §9 | | | / /__| (_) | (_| | | | | |
[2024/09/27 01:33:44]: §9 |_| |_\____/\___/ \__, |_|_| |_|
[2024/09/27 01:33:44]: §9                  |___/            
[2024/09/27 01:33:44]: §9 By: www.nickuc.com - V 10.4.4 DEVELOPMENT
[2024/09/27 01:33:44]: §9 
[2024/09/27 01:33:44]: §3[nLogin] [DEBUG] All settings were loaded in 103 ms.
[2024/09/27 01:33:44]: §3[nLogin] [DEBUG] Loading the messages_es.yml message file...
[2024/09/27 01:33:44]: §3[nLogin] [DEBUG] All plugin messages were loaded in 115 ms (languageByClient=false).
[2024/09/27 01:33:44]: §3[nLogin] [DEBUG] All proxy settings were loaded in 1 ms.
[2024/09/27 01:33:44]: §3[nLogin] [DEBUG] Loading database...
[2024/09/27 01:33:44]: [nLogin] Download finished (took 658ms, hash = 7554e32ef35ad0249ad70fccd08736d259fe39337468a5f5f11946ecd368d396)
[2024/09/27 01:33:45]: §3[nLogin] [DEBUG] Starting logger filter...
[2024/09/27 01:34:49]: §3[nLogin] [DEBUG] [SQLite] [UPDATE]: "UPDATE `nlogin` SET `last_name` = 'kanyelover132', `unique_id` = 6a6c9b7dcc3e345682eb571e71811599,  `mojang_id` = null,  `bedrock_id` = null,  `password` = '$2a$10$ecf7nSCOG5iDXwH2YFcPoefFfwIow4cDhk7foYDNCvSYH4qwmyDE6', `last_ip` = '0:0:0:0:0:0:0:1%0', `creation_date` = 2024-09-23 23:48:01.257, `last_seen` = 2024-09-27 01:34:49.439, `email` = null, `discord` = null, `settings` = '{"settings":[{"value":"es","key":"language"}],"version":0}' WHERE `ai` = 2" (applied to [last_ip, last_seen, settings] columns)
[2024/09/27 01:34:49]: [nLogin] The user kanyelover132 has successfully logged in.
[2024/09/27 02:26:03]: §3[nLogin] [DEBUG] [SQLite] [UPDATE]: "UPDATE `nlogin` SET `last_name` = 'OtakuGamer', `unique_id` = d582400e533b3bfe9ba48ca54dc9e905,  `mojang_id` = null,  `bedrock_id` = null,  `password` = '$2a$10$ooBRdOK/bGwJifpLAsnkWOF7r6vK4/YozUwoG846f7v9C6pvucCbe', `last_ip` = '0:0:0:0:0:0:0:1%0', `creation_date` = 2024-09-24 01:10:11.605, `last_seen` = 2024-09-27 02:26:03.364, `email` = null, `discord` = null, `settings` = '{"settings":[{"value":"es","key":"language"}],"version":0}' WHERE `ai` = 3" (applied to [last_ip, last_seen, settings] columns)
[2024/09/27 02:26:03]: [nLogin] The user OtakuGamer has successfully logged in.
[2024/09/27 02:43:09]: §3[nLogin] [DEBUG] [SQLite] [UPDATE]: "UPDATE `nlogin` SET `last_name` = 'kanyelover132', `unique_id` = 6a6c9b7dcc3e345682eb571e71811599,  `mojang_id` = null,  `bedrock_id` = null,  `password` = '$2a$10$ecf7nSCOG5iDXwH2YFcPoefFfwIow4cDhk7foYDNCvSYH4qwmyDE6', `last_ip` = '0:0:0:0:0:0:0:1%0', `creation_date` = 2024-09-23 23:48:01.257, `last_seen` = 2024-09-27 02:43:09.569, `email` = null, `discord` = null, `settings` = '{"settings":[{"value":"es","key":"language"}],"version":0}' WHERE `ai` = 2" (applied to [last_seen, settings] columns)
[2024/09/27 02:48:59]: §3[nLogin] [DEBUG] [SQLite] [UPDATE]: "UPDATE `nlogin` SET `last_name` = 'OtakuGamer', `unique_id` = d582400e533b3bfe9ba48ca54dc9e905,  `mojang_id` = null,  `bedrock_id` = null,  `password` = '$2a$10$ooBRdOK/bGwJifpLAsnkWOF7r6vK4/YozUwoG846f7v9C6pvucCbe', `last_ip` = '0:0:0:0:0:0:0:1%0', `creation_date` = 2024-09-24 01:10:11.605, `last_seen` = 2024-09-27 02:48:59.456, `email` = null, `discord` = null, `settings` = '{"settings":[{"value":"es","key":"language"}],"version":0}' WHERE `ai` = 3" (applied to [last_seen, settings] columns)
[2024/09/27 02:52:17]: §3[nLogin] [DEBUG] [SQLite] [UPDATE]: "UPDATE `nlogin` SET `last_name` = 'OtakuGamer', `unique_id` = d582400e533b3bfe9ba48ca54dc9e905,  `mojang_id` = null,  `bedrock_id` = null,  `password` = '$2a$10$ooBRdOK/bGwJifpLAsnkWOF7r6vK4/YozUwoG846f7v9C6pvucCbe', `last_ip` = '0:0:0:0:0:0:0:1%0', `creation_date` = 2024-09-24 01:10:11.605, `last_seen` = 2024-09-27 02:52:17.497, `email` = null, `discord` = null, `settings` = '{"settings":[{"value":"es","key":"language"}],"version":0}' WHERE `ai` = 3" (applied to [last_ip, last_seen, settings] columns)
[2024/09/27 02:52:17]: [nLogin] The user OtakuGamer has successfully logged in.
[2024/09/27 02:52:31]: §3[nLogin] [DEBUG] [SQLite] [UPDATE]: "UPDATE `nlogin` SET `last_name` = 'kanyelover132', `unique_id` = 6a6c9b7dcc3e345682eb571e71811599,  `mojang_id` = null,  `bedrock_id` = null,  `password` = '$2a$10$ecf7nSCOG5iDXwH2YFcPoefFfwIow4cDhk7foYDNCvSYH4qwmyDE6', `last_ip` = '0:0:0:0:0:0:0:1%0', `creation_date` = 2024-09-23 23:48:01.257, `last_seen` = 2024-09-27 02:52:31.161, `email` = null, `discord` = null, `settings` = '{"settings":[{"value":"es","key":"language"}],"version":0}' WHERE `ai` = 2" (applied to [last_ip, last_seen, settings] columns)
[2024/09/27 02:52:31]: [nLogin] The user kanyelover132 has successfully logged in.
[2024/09/27 03:03:51]: [nLogin] Update was successfully queued, do not forcibly stop your server. (v10.4.4 0a85c3 => v10.4.8 bba2fb)
[2024/09/27 03:03:51]: [nLogin] Successful plugin core shutdown (took 0.07s)
[2024/09/27 03:03:51]: §4[nLogin] [ERROR] §c[ProtocolLib] Failed to unhook ProtocolLib protocols.
java.util.ConcurrentModificationException
	at java.base/java.util.HashMap$HashIterator.nextNode(HashMap.java:1605)
	at java.base/java.util.HashMap$ValueIterator.next(HashMap.java:1633)
	at com.google.common.collect.TransformedIterator.next(TransformedIterator.java:52)
	at com.google.common.collect.Iterators$ConcatenatedIterator.hasNext(Iterators.java:1400)
	at ProtocolLib.jar//com.comphenix.protocol.async.AsyncFilterManager.unregisterAsyncHandlers(AsyncFilterManager.java:289)
	at ProtocolLib.jar//com.comphenix.protocol.async.AsyncFilterManager.unregisterAsyncHandlers(AsyncFilterManager.java:283)
	at com.nickuc.login.πργηπνπτΨζξσΓΓ.L(:125)
	at com.nickuc.login.ζΠΨθμδμθγκΣηω.J(:93)
	at com.nickuc.login.πφυΨεξβνΛΠψ.k(:227)
	at com.nickuc.login.ΠχθτγπφΨλσ.N(:265)
	at com.nickuc.login.ωωξΠζΨΛζροθδβγ.N(:77)
	at com.nickuc.login.ετςζοζηυγς.N(:74)
	at com.nickuc.login.πησοιΣζΩθΛδλζσ.ap(:347)
	at com.nickuc.login.ωωξΠζΨΛζροθδβγ.disable(:54)
	at nLogin.jar//com.nickuc.login.loader.platform.BukkitLoader.onDisable(BukkitLoader.java:37)
	at org.bukkit.plugin.java.JavaPlugin.setEnabled(JavaPlugin.java:290)
	at io.papermc.paper.plugin.manager.PaperPluginInstanceManager.disablePlugin(PaperPluginInstanceManager.java:223)
	at io.papermc.paper.plugin.manager.PaperPluginInstanceManager.disablePlugins(PaperPluginInstanceManager.java:147)
	at io.papermc.paper.plugin.manager.PaperPluginManagerImpl.disablePlugins(PaperPluginManagerImpl.java:92)
	at org.bukkit.plugin.SimplePluginManager.disablePlugins(SimplePluginManager.java:528)
	at org.bukkit.craftbukkit.v1_20_R3.CraftServer.disablePlugins(CraftServer.java:570)
	at net.minecraft.server.MinecraftServer.t(MinecraftServer.java:974)
	at net.minecraft.server.dedicated.DedicatedServer.t(DedicatedServer.java:822)
	at net.minecraft.server.MinecraftServer.w(MinecraftServer.java:1265)
	at net.minecraft.server.MinecraftServer.lambda$spin$0(MinecraftServer.java:319)
	at java.base/java.lang.Thread.run(Thread.java:1583)
