[2024/09/23 23:46:01]: §9          __             _       
[2024/09/23 23:46:01]: §9  _ __   / /  ___   __ _(_)_ __  
[2024/09/23 23:46:01]: §9 | '_ \ / /  / _ \ / _` | | '_ \ 
[2024/09/23 23:46:01]: §9 | | | / /__| (_) | (_| | | | | |
[2024/09/23 23:46:01]: §9 |_| |_\____/\___/ \__, |_|_| |_|
[2024/09/23 23:46:01]: §9                  |___/            
[2024/09/23 23:46:01]: §9 By: www.nickuc.com - V 10.4.4 DEVELOPMENT
[2024/09/23 23:46:01]: §9 
[2024/09/23 23:46:01]: §3[nLogin] [DEBUG] All settings were loaded in 82 ms.
[2024/09/23 23:46:01]: §3[nLogin] [DEBUG] Loading the messages_es.yml message file...
[2024/09/23 23:46:01]: §3[nLogin] [DEBUG] All plugin messages were loaded in 99 ms (languageByClient=false).
[2024/09/23 23:46:01]: §3[nLogin] [DEBUG] All proxy settings were loaded in 1 ms.
[2024/09/23 23:46:01]: §3[nLogin] [DEBUG] Loading database...
[2024/09/23 23:46:01]: §3[nLogin] [DEBUG] Starting logger filter...
[2024/09/23 23:48:01]: §3[nLogin] [DEBUG] [SQLite] [UPDATE]: "INSERT INTO `nlogin` (`last_name`, `unique_id`, `mojang_id`, `bedrock_id`, `password`, `last_ip`, `creation_date`, `last_seen`, `email`, `discord`, `settings`) VALUES ('kanyelover132', 6a6c9b7dcc3e345682eb571e71811599, null, null, '$2a$10$ecf7nSCOG5iDXwH2YFcPoefFfwIow4cDhk7foYDNCvSYH4qwmyDE6', '0:0:0:0:0:0:0:1%0', '2024-09-23 23:48:01.257', '2024-09-23 23:48:01.257', null, null, null)" (applied to all columns)
[2024/09/23 23:48:01]: [nLogin] The user kanyelover132 has successfully registered.
[2024/09/23 23:53:08]: §3[nLogin] [DEBUG] [SQLite] [UPDATE]: "UPDATE `nlogin` SET `last_name` = 'Muessitl', `unique_id` = 4844db36d0d535f9a32373b31cec8ba1,  `mojang_id` = null,  `bedrock_id` = null,  `password` = '$2a$10$9NzFNUJ3cy.20jDS2YlPv.zUTrCiXiJtRNKjBqLQTuY0zLyg/0ztW', `last_ip` = '0:0:0:0:0:0:0:1%0', `creation_date` = 2024-09-23 23:42:54.679, `last_seen` = 2024-09-23 23:53:08.17, `email` = null, `discord` = null, `settings` = null WHERE `ai` = 1" (applied to [last_ip, last_seen, settings] columns)
[2024/09/23 23:53:08]: [nLogin] The user Muessitl has successfully logged in.
[2024/09/24 00:00:14]: §3[nLogin] [DEBUG] [SQLite] [UPDATE]: "UPDATE `nlogin` SET `last_name` = 'Muessitl', `unique_id` = 4844db36d0d535f9a32373b31cec8ba1,  `mojang_id` = null,  `bedrock_id` = null,  `password` = '$2a$10$9NzFNUJ3cy.20jDS2YlPv.zUTrCiXiJtRNKjBqLQTuY0zLyg/0ztW', `last_ip` = '0:0:0:0:0:0:0:1%0', `creation_date` = 2024-09-23 23:42:54.679, `last_seen` = 2024-09-24 00:00:14.629, `email` = null, `discord` = null, `settings` = '{"settings":[{"value":"es","key":"language"}],"version":0}' WHERE `ai` = 1" (applied to [last_seen, settings] columns)
[2024/09/24 00:00:55]: §3[nLogin] [DEBUG] [SQLite] [UPDATE]: "UPDATE `nlogin` SET `last_name` = 'Muessitl', `unique_id` = 4844db36d0d535f9a32373b31cec8ba1,  `mojang_id` = null,  `bedrock_id` = null,  `password` = '$2a$10$9NzFNUJ3cy.20jDS2YlPv.zUTrCiXiJtRNKjBqLQTuY0zLyg/0ztW', `last_ip` = '0:0:0:0:0:0:0:1%0', `creation_date` = 2024-09-23 23:42:54.679, `last_seen` = 2024-09-24 00:00:55.279, `email` = null, `discord` = null, `settings` = '{"settings":[{"value":"es","key":"language"}],"version":0}' WHERE `ai` = 1" (applied to [last_ip, last_seen, settings] columns)
[2024/09/24 00:00:55]: [nLogin] The user Muessitl has successfully logged in.
[2024/09/24 00:06:22]: §3[nLogin] [DEBUG] [SQLite] [UPDATE]: "UPDATE `nlogin` SET `last_name` = 'Muessitl', `unique_id` = 4844db36d0d535f9a32373b31cec8ba1,  `mojang_id` = null,  `bedrock_id` = null,  `password` = '$2a$10$9NzFNUJ3cy.20jDS2YlPv.zUTrCiXiJtRNKjBqLQTuY0zLyg/0ztW', `last_ip` = '0:0:0:0:0:0:0:1%0', `creation_date` = 2024-09-23 23:42:54.679, `last_seen` = 2024-09-24 00:06:22.727, `email` = null, `discord` = null, `settings` = '{"settings":[{"value":"es","key":"language"}],"version":0}' WHERE `ai` = 1" (applied to [last_seen, settings] columns)
[2024/09/24 00:07:01]: §3[nLogin] [DEBUG] [SQLite] [UPDATE]: "UPDATE `nlogin` SET `last_name` = 'Muessitl', `unique_id` = 4844db36d0d535f9a32373b31cec8ba1,  `mojang_id` = null,  `bedrock_id` = null,  `password` = '$2a$10$9NzFNUJ3cy.20jDS2YlPv.zUTrCiXiJtRNKjBqLQTuY0zLyg/0ztW', `last_ip` = '0:0:0:0:0:0:0:1%0', `creation_date` = 2024-09-23 23:42:54.679, `last_seen` = 2024-09-24 00:07:01.29, `email` = null, `discord` = null, `settings` = '{"settings":[{"value":"es","key":"language"}],"version":0}' WHERE `ai` = 1" (applied to [last_ip, last_seen, settings] columns)
[2024/09/24 00:07:01]: [nLogin] The user Muessitl has successfully logged in.
[2024/09/24 00:27:58]: §3[nLogin] [DEBUG] [SQLite] [UPDATE]: "UPDATE `nlogin` SET `last_name` = 'Muessitl', `unique_id` = 4844db36d0d535f9a32373b31cec8ba1,  `mojang_id` = null,  `bedrock_id` = null,  `password` = '$2a$10$9NzFNUJ3cy.20jDS2YlPv.zUTrCiXiJtRNKjBqLQTuY0zLyg/0ztW', `last_ip` = '0:0:0:0:0:0:0:1%0', `creation_date` = 2024-09-23 23:42:54.679, `last_seen` = 2024-09-24 00:27:58.142, `email` = null, `discord` = null, `settings` = '{"settings":[{"value":"es","key":"language"}],"version":0}' WHERE `ai` = 1" (applied to [last_seen, settings] columns)
[2024/09/24 00:31:31]: §3[nLogin] [DEBUG] [SQLite] [UPDATE]: "UPDATE `nlogin` SET `last_name` = 'Muessitl', `unique_id` = 4844db36d0d535f9a32373b31cec8ba1,  `mojang_id` = null,  `bedrock_id` = null,  `password` = '$2a$10$9NzFNUJ3cy.20jDS2YlPv.zUTrCiXiJtRNKjBqLQTuY0zLyg/0ztW', `last_ip` = '0:0:0:0:0:0:0:1%0', `creation_date` = 2024-09-23 23:42:54.679, `last_seen` = 2024-09-24 00:31:31.384, `email` = null, `discord` = null, `settings` = '{"settings":[{"value":"es","key":"language"}],"version":0}' WHERE `ai` = 1" (applied to [last_ip, last_seen, settings] columns)
[2024/09/24 00:31:31]: [nLogin] The user Muessitl has successfully logged in.
[2024/09/24 00:31:56]: §3[nLogin] [DEBUG] [SQLite] [UPDATE]: "UPDATE `nlogin` SET `last_name` = 'Muessitl', `unique_id` = 4844db36d0d535f9a32373b31cec8ba1,  `mojang_id` = null,  `bedrock_id` = null,  `password` = '$2a$10$9NzFNUJ3cy.20jDS2YlPv.zUTrCiXiJtRNKjBqLQTuY0zLyg/0ztW', `last_ip` = '0:0:0:0:0:0:0:1%0', `creation_date` = 2024-09-23 23:42:54.679, `last_seen` = 2024-09-24 00:31:56.503, `email` = null, `discord` = null, `settings` = '{"settings":[{"value":"es","key":"language"}],"version":0}' WHERE `ai` = 1" (applied to [last_seen, settings] columns)
[2024/09/24 00:33:36]: §3[nLogin] [DEBUG] [SQLite] [UPDATE]: "UPDATE `nlogin` SET `last_name` = 'Muessitl', `unique_id` = 4844db36d0d535f9a32373b31cec8ba1,  `mojang_id` = null,  `bedrock_id` = null,  `password` = '$2a$10$9NzFNUJ3cy.20jDS2YlPv.zUTrCiXiJtRNKjBqLQTuY0zLyg/0ztW', `last_ip` = '0:0:0:0:0:0:0:1%0', `creation_date` = 2024-09-23 23:42:54.679, `last_seen` = 2024-09-24 00:33:36.374, `email` = null, `discord` = null, `settings` = '{"settings":[{"value":"es","key":"language"}],"version":0}' WHERE `ai` = 1" (applied to [last_ip, last_seen, settings] columns)
[2024/09/24 00:33:36]: [nLogin] The user Muessitl has successfully logged in.
[2024/09/24 00:33:56]: §3[nLogin] [DEBUG] [SQLite] [UPDATE]: "UPDATE `nlogin` SET `last_name` = 'Muessitl', `unique_id` = 4844db36d0d535f9a32373b31cec8ba1,  `mojang_id` = null,  `bedrock_id` = null,  `password` = '$2a$10$9NzFNUJ3cy.20jDS2YlPv.zUTrCiXiJtRNKjBqLQTuY0zLyg/0ztW', `last_ip` = '0:0:0:0:0:0:0:1%0', `creation_date` = 2024-09-23 23:42:54.679, `last_seen` = 2024-09-24 00:33:56.445, `email` = null, `discord` = null, `settings` = '{"settings":[{"value":"es","key":"language"}],"version":0}' WHERE `ai` = 1" (applied to [last_seen, settings] columns)
[2024/09/24 00:34:27]: §3[nLogin] [DEBUG] [SQLite] [UPDATE]: "UPDATE `nlogin` SET `last_name` = 'Muessitl', `unique_id` = 4844db36d0d535f9a32373b31cec8ba1,  `mojang_id` = null,  `bedrock_id` = null,  `password` = '$2a$10$9NzFNUJ3cy.20jDS2YlPv.zUTrCiXiJtRNKjBqLQTuY0zLyg/0ztW', `last_ip` = '0:0:0:0:0:0:0:1%0', `creation_date` = 2024-09-23 23:42:54.679, `last_seen` = 2024-09-24 00:34:27.142, `email` = null, `discord` = null, `settings` = '{"settings":[{"value":"es","key":"language"}],"version":0}' WHERE `ai` = 1" (applied to [last_ip, last_seen, settings] columns)
[2024/09/24 00:34:27]: [nLogin] The user Muessitl has successfully logged in.
[2024/09/24 00:38:54]: §3[nLogin] [DEBUG] [SQLite] [UPDATE]: "UPDATE `nlogin` SET `last_name` = 'Muessitl', `unique_id` = 4844db36d0d535f9a32373b31cec8ba1,  `mojang_id` = null,  `bedrock_id` = null,  `password` = '$2a$10$9NzFNUJ3cy.20jDS2YlPv.zUTrCiXiJtRNKjBqLQTuY0zLyg/0ztW', `last_ip` = '0:0:0:0:0:0:0:1%0', `creation_date` = 2024-09-23 23:42:54.679, `last_seen` = 2024-09-24 00:38:53.935, `email` = null, `discord` = null, `settings` = '{"settings":[{"value":"es","key":"language"}],"version":0}' WHERE `ai` = 1" (applied to [last_seen, settings] columns)
[2024/09/24 00:57:30]: §3[nLogin] [DEBUG] [SQLite] [UPDATE]: "UPDATE `nlogin` SET `last_name` = 'kanyelover132', `unique_id` = 6a6c9b7dcc3e345682eb571e71811599,  `mojang_id` = null,  `bedrock_id` = null,  `password` = '$2a$10$ecf7nSCOG5iDXwH2YFcPoefFfwIow4cDhk7foYDNCvSYH4qwmyDE6', `last_ip` = '0:0:0:0:0:0:0:1%0', `creation_date` = 2024-09-23 23:48:01.257, `last_seen` = 2024-09-24 00:57:30.335, `email` = null, `discord` = null, `settings` = '{"settings":[{"value":"es","key":"language"}],"version":0}' WHERE `ai` = 2" (applied to [last_seen, settings] columns)
[2024/09/24 01:01:45]: §3[nLogin] [DEBUG] [SQLite] [UPDATE]: "UPDATE `nlogin` SET `last_name` = 'kanyelover132', `unique_id` = 6a6c9b7dcc3e345682eb571e71811599,  `mojang_id` = null,  `bedrock_id` = null,  `password` = '$2a$10$ecf7nSCOG5iDXwH2YFcPoefFfwIow4cDhk7foYDNCvSYH4qwmyDE6', `last_ip` = '0:0:0:0:0:0:0:1%0', `creation_date` = 2024-09-23 23:48:01.257, `last_seen` = 2024-09-24 01:01:45.797, `email` = null, `discord` = null, `settings` = '{"settings":[{"value":"es","key":"language"}],"version":0}' WHERE `ai` = 2" (applied to [last_ip, last_seen, settings] columns)
[2024/09/24 01:01:45]: [nLogin] The user kanyelover132 has successfully logged in.
[2024/09/24 01:10:11]: §3[nLogin] [DEBUG] [SQLite] [UPDATE]: "INSERT INTO `nlogin` (`last_name`, `unique_id`, `mojang_id`, `bedrock_id`, `password`, `last_ip`, `creation_date`, `last_seen`, `email`, `discord`, `settings`) VALUES ('OtakuGamer', d582400e533b3bfe9ba48ca54dc9e905, null, null, '$2a$10$ooBRdOK/bGwJifpLAsnkWOF7r6vK4/YozUwoG846f7v9C6pvucCbe', '0:0:0:0:0:0:0:1%0', '2024-09-24 01:10:11.605', '2024-09-24 01:10:11.605', null, null, null)" (applied to all columns)
[2024/09/24 01:10:11]: [nLogin] The user OtakuGamer has successfully registered.
[2024/09/24 01:16:00]: §3[nLogin] [DEBUG] [SQLite] [UPDATE]: "UPDATE `nlogin` SET `last_name` = 'OtakuGamer', `unique_id` = d582400e533b3bfe9ba48ca54dc9e905,  `mojang_id` = null,  `bedrock_id` = null,  `password` = '$2a$10$ooBRdOK/bGwJifpLAsnkWOF7r6vK4/YozUwoG846f7v9C6pvucCbe', `last_ip` = '0:0:0:0:0:0:0:1%0', `creation_date` = 2024-09-24 01:10:11.605, `last_seen` = 2024-09-24 01:16:00.132, `email` = null, `discord` = null, `settings` = '{"settings":[{"value":"es","key":"language"}],"version":0}' WHERE `ai` = 3" (applied to [last_seen, settings] columns)
[2024/09/24 01:19:15]: §3[nLogin] [DEBUG] [SQLite] [UPDATE]: "UPDATE `nlogin` SET `last_name` = 'Muessitl', `unique_id` = 4844db36d0d535f9a32373b31cec8ba1,  `mojang_id` = null,  `bedrock_id` = null,  `password` = '$2a$10$9NzFNUJ3cy.20jDS2YlPv.zUTrCiXiJtRNKjBqLQTuY0zLyg/0ztW', `last_ip` = '0:0:0:0:0:0:0:1%0', `creation_date` = 2024-09-23 23:42:54.679, `last_seen` = 2024-09-24 01:19:15.114, `email` = null, `discord` = null, `settings` = '{"settings":[{"value":"es","key":"language"}],"version":0}' WHERE `ai` = 1" (applied to [last_ip, last_seen, settings] columns)
[2024/09/24 01:19:15]: [nLogin] The user Muessitl has successfully logged in.
[2024/09/24 01:20:50]: §3[nLogin] [DEBUG] [SQLite] [UPDATE]: "UPDATE `nlogin` SET `last_name` = 'Muessitl', `unique_id` = 4844db36d0d535f9a32373b31cec8ba1,  `mojang_id` = null,  `bedrock_id` = null,  `password` = '$2a$10$9NzFNUJ3cy.20jDS2YlPv.zUTrCiXiJtRNKjBqLQTuY0zLyg/0ztW', `last_ip` = '0:0:0:0:0:0:0:1%0', `creation_date` = 2024-09-23 23:42:54.679, `last_seen` = 2024-09-24 01:20:50.727, `email` = null, `discord` = null, `settings` = '{"settings":[{"value":"es","key":"language"}],"version":0}' WHERE `ai` = 1" (applied to [last_seen, settings] columns)
[2024/09/24 01:21:24]: §3[nLogin] [DEBUG] [SQLite] [UPDATE]: "UPDATE `nlogin` SET `last_name` = 'Muessitl', `unique_id` = 4844db36d0d535f9a32373b31cec8ba1,  `mojang_id` = null,  `bedrock_id` = null,  `password` = '$2a$10$9NzFNUJ3cy.20jDS2YlPv.zUTrCiXiJtRNKjBqLQTuY0zLyg/0ztW', `last_ip` = '0:0:0:0:0:0:0:1%0', `creation_date` = 2024-09-23 23:42:54.679, `last_seen` = 2024-09-24 01:21:24.901, `email` = null, `discord` = null, `settings` = '{"settings":[{"value":"es","key":"language"}],"version":0}' WHERE `ai` = 1" (applied to [last_ip, last_seen, settings] columns)
[2024/09/24 01:21:24]: [nLogin] The user Muessitl has successfully logged in.
[2024/09/24 01:21:35]: §3[nLogin] [DEBUG] [SQLite] [UPDATE]: "UPDATE `nlogin` SET `last_name` = 'Muessitl', `unique_id` = 4844db36d0d535f9a32373b31cec8ba1,  `mojang_id` = null,  `bedrock_id` = null,  `password` = '$2a$10$9NzFNUJ3cy.20jDS2YlPv.zUTrCiXiJtRNKjBqLQTuY0zLyg/0ztW', `last_ip` = '0:0:0:0:0:0:0:1%0', `creation_date` = 2024-09-23 23:42:54.679, `last_seen` = 2024-09-24 01:21:35.377, `email` = null, `discord` = null, `settings` = '{"settings":[{"value":"es","key":"language"}],"version":0}' WHERE `ai` = 1" (applied to [last_seen, settings] columns)
[2024/09/24 01:23:40]: §3[nLogin] [DEBUG] [SQLite] [UPDATE]: "UPDATE `nlogin` SET `last_name` = 'Muessitl', `unique_id` = 4844db36d0d535f9a32373b31cec8ba1,  `mojang_id` = null,  `bedrock_id` = null,  `password` = '$2a$10$9NzFNUJ3cy.20jDS2YlPv.zUTrCiXiJtRNKjBqLQTuY0zLyg/0ztW', `last_ip` = '0:0:0:0:0:0:0:1%0', `creation_date` = 2024-09-23 23:42:54.679, `last_seen` = 2024-09-24 01:23:40.776, `email` = null, `discord` = null, `settings` = '{"settings":[{"value":"es","key":"language"}],"version":0}' WHERE `ai` = 1" (applied to [last_ip, last_seen, settings] columns)
[2024/09/24 01:23:40]: [nLogin] The user Muessitl has successfully logged in.
[2024/09/24 01:30:54]: §3[nLogin] [DEBUG] The OtakuGamer (0:0:0:0:0:0:0:1%0) player entered an incorrect password
[2024/09/24 01:31:16]: §3[nLogin] [DEBUG] [SQLite] [UPDATE]: "UPDATE `nlogin` SET `last_name` = 'OtakuGamer', `unique_id` = d582400e533b3bfe9ba48ca54dc9e905,  `mojang_id` = null,  `bedrock_id` = null,  `password` = '$2a$10$ooBRdOK/bGwJifpLAsnkWOF7r6vK4/YozUwoG846f7v9C6pvucCbe', `last_ip` = '0:0:0:0:0:0:0:1%0', `creation_date` = 2024-09-24 01:10:11.605, `last_seen` = 2024-09-24 01:31:16.642, `email` = null, `discord` = null, `settings` = '{"settings":[{"value":"es","key":"language"}],"version":0}' WHERE `ai` = 3" (applied to [last_ip, last_seen, settings] columns)
[2024/09/24 01:31:16]: [nLogin] The user OtakuGamer has successfully logged in.
[2024/09/24 01:34:06]: §3[nLogin] [DEBUG] [SQLite] [UPDATE]: "UPDATE `nlogin` SET `last_name` = 'Muessitl', `unique_id` = 4844db36d0d535f9a32373b31cec8ba1,  `mojang_id` = null,  `bedrock_id` = null,  `password` = '$2a$10$9NzFNUJ3cy.20jDS2YlPv.zUTrCiXiJtRNKjBqLQTuY0zLyg/0ztW', `last_ip` = '0:0:0:0:0:0:0:1%0', `creation_date` = 2024-09-23 23:42:54.679, `last_seen` = 2024-09-24 01:34:06.228, `email` = null, `discord` = null, `settings` = '{"settings":[{"value":"es","key":"language"}],"version":0}' WHERE `ai` = 1" (applied to [last_seen, settings] columns)
[2024/09/24 01:34:25]: §3[nLogin] [DEBUG] [SQLite] [UPDATE]: "UPDATE `nlogin` SET `last_name` = 'Muessitl', `unique_id` = 4844db36d0d535f9a32373b31cec8ba1,  `mojang_id` = null,  `bedrock_id` = null,  `password` = '$2a$10$9NzFNUJ3cy.20jDS2YlPv.zUTrCiXiJtRNKjBqLQTuY0zLyg/0ztW', `last_ip` = '0:0:0:0:0:0:0:1%0', `creation_date` = 2024-09-23 23:42:54.679, `last_seen` = 2024-09-24 01:34:25.054, `email` = null, `discord` = null, `settings` = '{"settings":[{"value":"es","key":"language"}],"version":0}' WHERE `ai` = 1" (applied to [last_ip, last_seen, settings] columns)
[2024/09/24 01:34:25]: [nLogin] The user Muessitl has successfully logged in.
[2024/09/24 01:58:38]: §3[nLogin] [DEBUG] [SQLite] [UPDATE]: "UPDATE `nlogin` SET `last_name` = 'Muessitl', `unique_id` = 4844db36d0d535f9a32373b31cec8ba1,  `mojang_id` = null,  `bedrock_id` = null,  `password` = '$2a$10$9NzFNUJ3cy.20jDS2YlPv.zUTrCiXiJtRNKjBqLQTuY0zLyg/0ztW', `last_ip` = '0:0:0:0:0:0:0:1%0', `creation_date` = 2024-09-23 23:42:54.679, `last_seen` = 2024-09-24 01:58:38.906, `email` = null, `discord` = null, `settings` = '{"settings":[{"value":"es","key":"language"}],"version":0}' WHERE `ai` = 1" (applied to [last_seen, settings] columns)
[2024/09/24 01:59:01]: §3[nLogin] [DEBUG] [SQLite] [UPDATE]: "UPDATE `nlogin` SET `last_name` = 'Muessitl', `unique_id` = 4844db36d0d535f9a32373b31cec8ba1,  `mojang_id` = null,  `bedrock_id` = null,  `password` = '$2a$10$9NzFNUJ3cy.20jDS2YlPv.zUTrCiXiJtRNKjBqLQTuY0zLyg/0ztW', `last_ip` = '0:0:0:0:0:0:0:1%0', `creation_date` = 2024-09-23 23:42:54.679, `last_seen` = 2024-09-24 01:59:01.629, `email` = null, `discord` = null, `settings` = '{"settings":[{"value":"es","key":"language"}],"version":0}' WHERE `ai` = 1" (applied to [last_ip, last_seen, settings] columns)
[2024/09/24 01:59:01]: [nLogin] The user Muessitl has successfully logged in.
[2024/09/24 02:02:37]: §3[nLogin] [DEBUG] [SQLite] [UPDATE]: "UPDATE `nlogin` SET `last_name` = 'Muessitl', `unique_id` = 4844db36d0d535f9a32373b31cec8ba1,  `mojang_id` = null,  `bedrock_id` = null,  `password` = '$2a$10$9NzFNUJ3cy.20jDS2YlPv.zUTrCiXiJtRNKjBqLQTuY0zLyg/0ztW', `last_ip` = '0:0:0:0:0:0:0:1%0', `creation_date` = 2024-09-23 23:42:54.679, `last_seen` = 2024-09-24 02:02:37.585, `email` = null, `discord` = null, `settings` = '{"settings":[{"value":"es","key":"language"}],"version":0}' WHERE `ai` = 1" (applied to [last_seen, settings] columns)
[2024/09/24 02:12:18]: §3[nLogin] [DEBUG] [SQLite] [UPDATE]: "UPDATE `nlogin` SET `last_name` = 'OtakuGamer', `unique_id` = d582400e533b3bfe9ba48ca54dc9e905,  `mojang_id` = null,  `bedrock_id` = null,  `password` = '$2a$10$ooBRdOK/bGwJifpLAsnkWOF7r6vK4/YozUwoG846f7v9C6pvucCbe', `last_ip` = '0:0:0:0:0:0:0:1%0', `creation_date` = 2024-09-24 01:10:11.605, `last_seen` = 2024-09-24 02:12:18.097, `email` = null, `discord` = null, `settings` = '{"settings":[{"value":"es","key":"language"}],"version":0}' WHERE `ai` = 3" (applied to [last_seen, settings] columns)
[2024/09/24 02:50:32]: [nLogin] Successful plugin core shutdown (took 0.00s)
[2024/09/24 02:50:32]: §4[nLogin] [ERROR] §c[ProtocolLib] Failed to unhook ProtocolLib protocols.
java.util.ConcurrentModificationException
	at java.base/java.util.HashMap$HashIterator.nextNode(HashMap.java:1605)
	at java.base/java.util.HashMap$ValueIterator.next(HashMap.java:1633)
	at com.google.common.collect.TransformedIterator.next(TransformedIterator.java:52)
	at com.google.common.collect.Iterators$ConcatenatedIterator.hasNext(Iterators.java:1400)
	at ProtocolLib.jar//com.comphenix.protocol.async.AsyncFilterManager.unregisterAsyncHandlers(AsyncFilterManager.java:289)
	at ProtocolLib.jar//com.comphenix.protocol.async.AsyncFilterManager.unregisterAsyncHandlers(AsyncFilterManager.java:283)
	at com.nickuc.login.πργηπνπτΨζξσΓΓ.L(:125)
	at com.nickuc.login.ζΠΨθμδμθγκΣηω.J(:93)
	at com.nickuc.login.πφυΨεξβνΛΠψ.k(:227)
	at com.nickuc.login.ΠχθτγπφΨλσ.N(:265)
	at com.nickuc.login.ωωξΠζΨΛζροθδβγ.N(:77)
	at com.nickuc.login.ετςζοζηυγς.N(:74)
	at com.nickuc.login.πησοιΣζΩθΛδλζσ.ap(:347)
	at com.nickuc.login.ωωξΠζΨΛζροθδβγ.disable(:54)
	at nLogin.jar//com.nickuc.login.loader.platform.BukkitLoader.onDisable(BukkitLoader.java:37)
	at org.bukkit.plugin.java.JavaPlugin.setEnabled(JavaPlugin.java:290)
	at io.papermc.paper.plugin.manager.PaperPluginInstanceManager.disablePlugin(PaperPluginInstanceManager.java:223)
	at io.papermc.paper.plugin.manager.PaperPluginInstanceManager.disablePlugins(PaperPluginInstanceManager.java:147)
	at io.papermc.paper.plugin.manager.PaperPluginManagerImpl.disablePlugins(PaperPluginManagerImpl.java:92)
	at org.bukkit.plugin.SimplePluginManager.disablePlugins(SimplePluginManager.java:528)
	at org.bukkit.craftbukkit.v1_20_R3.CraftServer.disablePlugins(CraftServer.java:570)
	at net.minecraft.server.MinecraftServer.t(MinecraftServer.java:974)
	at net.minecraft.server.dedicated.DedicatedServer.t(DedicatedServer.java:822)
	at net.minecraft.server.MinecraftServer.w(MinecraftServer.java:1265)
	at net.minecraft.server.MinecraftServer.lambda$spin$0(MinecraftServer.java:319)
	at java.base/java.lang.Thread.run(Thread.java:1583)
